<?xml version="1.0" encoding="UTF-8"?>
<!-- Generated by org.testng.reporters.JUnitXMLReporter -->
<testsuite hostname="DESKTOP-3SUJPVT" name="Grid Test" tests="1" failures="1" timestamp="28 Sep 2018 11:54:25 GMT" time="1.0" errors="0">
  <testcase name="LoginTest" time="0.969" classname="com.seleniumGrid.GridTest">
    <failure type="java.lang.ClassCastException" message="java.lang.String cannot be cast to java.util.Map">
      <![CDATA[java.lang.ClassCastException: java.lang.String cannot be cast to java.util.Map
	at org.openqa.selenium.remote.RemoteWebDriver.startSession(RemoteWebDriver.java:251)
	at org.openqa.selenium.remote.RemoteWebDriver.<init>(RemoteWebDriver.java:131)
	at org.openqa.selenium.remote.RemoteWebDriver.<init>(RemoteWebDriver.java:158)
	at com.seleniumGrid.GridTest.LoginTest(GridTest.java:22)
... Removed 24 stack frames]]>
    </failure>
  </testcase> <!-- LoginTest -->
</testsuite> <!-- Grid Test -->
